build/app/intermediates/manifest_merge_blame_file/release/manifest-merger-blame-release-report.txt
1<?xml version="1.0" encoding="utf-8"?>
2<manifest xmlns:android="http://schemas.android.com/apk/res/android"
3    package="com.example.dreampcbuilder"
4    android:versionCode="1"
5    android:versionName="1.0.0" >
6
7    <uses-sdk
8        android:minSdkVersion="21"
8-->src\main\AndroidManifest.xml
9        android:targetSdkVersion="34" />
9-->src\main\AndroidManifest.xml
10    <!--
11         Required to query activities that can process text, see:
12         https://developer.android.com/training/package-visibility and
13         https://developer.android.com/reference/android/content/Intent#ACTION_PROCESS_TEXT.
14
15         In particular, this is used by the Flutter engine in io.flutter.plugin.text.ProcessTextPlugin.
16    -->
17    <queries>
17-->src\main\AndroidManifest.xml:40:5-45:15
18        <intent>
18-->src\main\AndroidManifest.xml:41:9-44:18
19            <action android:name="android.intent.action.PROCESS_TEXT" />
19-->src\main\AndroidManifest.xml:42:13-72
19-->src\main\AndroidManifest.xml:42:21-70
20
21            <data android:mimeType="text/plain" />
21-->src\main\AndroidManifest.xml:43:13-50
21-->src\main\AndroidManifest.xml:43:19-48
22        </intent>
23    </queries>
24
25    <application
26        android:name="android.app.Application"
26-->src\main\AndroidManifest.xml:4:9-42
27        android:appComponentFactory="androidx.core.app.CoreComponentFactory"
27-->[androidx.core:core:1.6.0] AndroidManifest.xml:24:18-86
28        android:enableOnBackInvokedCallback="true"
28-->src\main\AndroidManifest.xml:5:9-51
29        android:icon="@mipmap/ic_launcher"
29-->src\main\AndroidManifest.xml:6:9-43
30        android:label="Monte seu PC" >
30-->src\main\AndroidManifest.xml:3:9-37
31        <activity
31-->src\main\AndroidManifest.xml:7:9-28:20
32            android:name="com.example.dreampcbuilder.MainActivity"
32-->src\main\AndroidManifest.xml:8:13-41
33            android:configChanges="orientation|keyboardHidden|keyboard|screenSize|smallestScreenSize|locale|layoutDirection|fontScale|screenLayout|density|uiMode"
33-->src\main\AndroidManifest.xml:13:13-163
34            android:exported="true"
34-->src\main\AndroidManifest.xml:9:13-36
35            android:hardwareAccelerated="true"
35-->src\main\AndroidManifest.xml:14:13-47
36            android:launchMode="singleTop"
36-->src\main\AndroidManifest.xml:10:13-43
37            android:taskAffinity=""
37-->src\main\AndroidManifest.xml:11:13-36
38            android:theme="@style/LaunchTheme"
38-->src\main\AndroidManifest.xml:12:13-47
39            android:windowSoftInputMode="adjustResize" >
39-->src\main\AndroidManifest.xml:15:13-55
40
41            <!--
42                 Specifies an Android theme to apply to this Activity as soon as
43                 the Android process has started. This theme is visible to the user
44                 while the Flutter UI initializes. After that, this theme continues
45                 to determine the Window background behind the Flutter UI.
46            -->
47            <meta-data
47-->src\main\AndroidManifest.xml:20:13-23:17
48                android:name="io.flutter.embedding.android.NormalTheme"
48-->src\main\AndroidManifest.xml:21:15-70
49                android:resource="@style/NormalTheme" />
49-->src\main\AndroidManifest.xml:22:15-52
50
51            <intent-filter>
51-->src\main\AndroidManifest.xml:24:13-27:29
52                <action android:name="android.intent.action.MAIN" />
52-->src\main\AndroidManifest.xml:25:17-68
52-->src\main\AndroidManifest.xml:25:25-66
53
54                <category android:name="android.intent.category.LAUNCHER" />
54-->src\main\AndroidManifest.xml:26:17-76
54-->src\main\AndroidManifest.xml:26:27-74
55            </intent-filter>
56        </activity>
57        <!--
58             Don't delete the meta-data below.
59             This is used by the Flutter tool to generate GeneratedPluginRegistrant.java
60        -->
61        <meta-data
61-->src\main\AndroidManifest.xml:31:9-33:33
62            android:name="flutterEmbedding"
62-->src\main\AndroidManifest.xml:32:13-44
63            android:value="2" />
63-->src\main\AndroidManifest.xml:33:13-30
64
65        <provider
65-->[:printing] AndroidManifest.xml:10:9-18:20
66            android:name="net.nfet.flutter.printing.PrintFileProvider"
66-->[:printing] AndroidManifest.xml:11:13-71
67            android:authorities="com.example.dreampcbuilder.flutter.printing"
67-->[:printing] AndroidManifest.xml:12:13-68
68            android:exported="false"
68-->[:printing] AndroidManifest.xml:13:13-37
69            android:grantUriPermissions="true" >
69-->[:printing] AndroidManifest.xml:14:13-47
70            <meta-data
70-->[:printing] AndroidManifest.xml:15:13-17:71
71                android:name="android.support.FILE_PROVIDER_PATHS"
71-->[:printing] AndroidManifest.xml:16:17-67
72                android:resource="@xml/flutter_printing_file_paths" />
72-->[:printing] AndroidManifest.xml:17:17-68
73        </provider>
74
75        <uses-library
75-->[androidx.window:window:1.0.0-beta04] AndroidManifest.xml:25:9-27:40
76            android:name="androidx.window.extensions"
76-->[androidx.window:window:1.0.0-beta04] AndroidManifest.xml:26:13-54
77            android:required="false" />
77-->[androidx.window:window:1.0.0-beta04] AndroidManifest.xml:27:13-37
78        <uses-library
78-->[androidx.window:window:1.0.0-beta04] AndroidManifest.xml:28:9-30:40
79            android:name="androidx.window.sidecar"
79-->[androidx.window:window:1.0.0-beta04] AndroidManifest.xml:29:13-51
80            android:required="false" />
80-->[androidx.window:window:1.0.0-beta04] AndroidManifest.xml:30:13-37
81    </application>
82
83</manifest>